make all --print-data-base --no-builtin-variables --no-builtin-rules --question
# GNU Make 4.2.1
# Built for arm-unknown-linux-gnueabihf
# Copyright (C) 1988-2016 Free Software Foundation, Inc.
# License GPLv3+: GNU GPL version 3 or later <http://gnu.org/licenses/gpl.html>
# This is free software: you are free to change and redistribute it.
# There is NO WARRANTY, to the extent permitted by law.

# Make data base, printed on Fri Mar  5 18:10:01 2021

# Variables

# automatic
<D = $(patsubst %/,%,$(dir $<))
# automatic
?F = $(notdir $?)
# default
.SHELLFLAGS := -c
# makefile (from 'Makefile', line 23)
OBJ = command$(O) data$(O) display$(O) gap$(O) key$(O) main$(O)
# environment
XDG_SESSION_CLASS = user
# environment
VSCODE_AGENT_FOLDER = /home/kristofer/.vscode-server
# environment
XDG_SESSION_TYPE = tty
# automatic
?D = $(patsubst %/,%,$(dir $?))
# automatic
@D = $(patsubst %/,%,$(dir $@))
# makefile (from 'Makefile', line 20)
E = 
# automatic
@F = $(notdir $@)
# default
MAKE_VERSION := 4.2.1
# makefile
CURDIR := /home/kristofer/p/uae
# makefile
SHELL = /bin/sh
# makefile (from 'Makefile', line 18)
RM = rm
# makefile (from 'Makefile', line 21)
O = .o
# environment
VSCODE_NLS_CONFIG = {"locale":"en","availableLanguages":{}}
# environment
_ = /home/kristofer/.vscode-server/bin/f30a9b73e8ffc278e71575118b6bf568f04587c8/node
# makefile (from 'Makefile', line 10)
CFLAGS = -O -DBSD=1
# makefile (from 'Makefile', line 1)
MAKEFILE_LIST :=  Makefile
# makefile (from 'Makefile', line 16)
CP = cp
# 'override' directive
GNUMAKEFLAGS := 
# environment
DBUS_SESSION_BUS_ADDRESS = unix:path=/run/user/1001/bus
# environment
VSCODE_VERBOSE_LOGGING = true
# environment
SSH_CONNECTION = fe80::1484:4893:75f9:f793%wlan0 58848 fe80::6cfa:af2b:76a7:dee6%wlan0 22
# environment
PATH = /home/kristofer/.vscode-server/bin/f30a9b73e8ffc278e71575118b6bf568f04587c8/bin:/usr/local/sbin:/usr/local/bin:/usr/sbin:/usr/bin:/sbin:/bin:/usr/local/games:/usr/games:/usr/local/tinygo/bin
# makefile (from 'Makefile', line 12)
LD = cc
# environment
XDG_RUNTIME_DIR = /run/user/1001
# environment
PICO_EXAMPLES_PATH = /home/kristofer/pico/pico-examples
# environment
TEXTDOMAIN = Linux-PAM
# environment
VSCODE_LOG_STACK = false
# environment
VSCODE_IPC_HOOK_CLI = /run/user/1001/vscode-ipc-af4c4fa6-a12a-4bdb-8252-4e1eb9eacec4.sock
# makefile (from 'Makefile', line 13)
LDFLAGS = 
# default
.FEATURES := target-specific order-only second-expansion else-if shortest-stem undefine oneshell archives jobserver output-sync check-symlink load
# environment
LS_COLORS = 
# automatic
%F = $(notdir $%)
# environment
VSCODE_PIPE_LOGGING = true
# environment
PWD = /home/kristofer/p/uae
# default
.LOADED := 
# automatic
*D = $(patsubst %/,%,$(dir $*))
# environment
VSCODE_AMD_ENTRYPOINT = vs/server/remoteExtensionHostProcess
# environment
HOME = /home/kristofer
# environment
PICO_EXTRAS_PATH = /home/kristofer/pico/pico-extras
# environment
LOGNAME = kristofer
# environment
APPLICATION_INSIGHTS_NO_DIAGNOSTIC_CHANNEL = true
# automatic
+F = $(notdir $+)
# environment
VSCODE_HANDLES_UNCAUGHT_ERRORS = true
# automatic
^D = $(patsubst %/,%,$(dir $^))
# environment
MAKELEVEL := 0
# default
MAKE = $(MAKE_COMMAND)
# default
MAKECMDGOALS := all
# environment
SHLVL = 1
# makefile (from 'Makefile', line 9)
CC = cc
# environment
XDG_SESSION_ID = 257
# environment
USER = kristofer
# makefile
.DEFAULT_GOAL := ae
# automatic
%D = $(patsubst %/,%,$(dir $%))
# default
MAKE_COMMAND := make
# environment
OLDPWD = /home/kristofer/.vscode-server/bin/f30a9b73e8ffc278e71575118b6bf568f04587c8
# default
.VARIABLES := 
# automatic
*F = $(notdir $*)
# environment
LANGUAGE = en_US.UTF-8
# makefile
MAKEFLAGS = pqrR
# environment
MFLAGS = -pqrR
# environment
SSH_CLIENT = fe80::1484:4893:75f9:f793%wlan0 58848 22
# environment
MAIL = /var/mail/kristofer
# environment
PICO_PLAYGROUND_PATH = /home/kristofer/pico/pico-playground
# automatic
+D = $(patsubst %/,%,$(dir $+))
# environment
BROWSER = /home/kristofer/.vscode-server/bin/f30a9b73e8ffc278e71575118b6bf568f04587c8/bin/helpers/browser.sh
# environment
NO_AT_BRIDGE = 1
# default
MAKEFILES := 
# automatic
<F = $(notdir $<)
# environment
LC_ALL = en_US.UTF-8
# makefile (from 'Makefile', line 14)
LIBS = -lcurses -ltermcap
# automatic
^F = $(notdir $^)
# makefile (from 'Makefile', line 17)
MV = mv
# default
SUFFIXES := 
# default
.INCLUDE_DIRS = /usr/include /usr/local/include /usr/include
# environment
VSCODE_INJECT_NODE_MODULE_LOOKUP_PATH = /home/kristofer/.vscode-server/bin/f30a9b73e8ffc278e71575118b6bf568f04587c8/remote/node_modules
# default
.RECIPEPREFIX := 
# environment
PICO_SDK_PATH = /home/kristofer/pico/pico-sdk
# default
MAKE_HOST := arm-unknown-linux-gnueabihf
# environment
LANG = en_US.UTF-8
# environment
VSCODE_EXTHOST_WILL_SEND_SOCKET = true
# variable set hash-table stats:
# Load=84/1024=8%, Rehash=0, Collisions=11/123=9%

# Pattern-specific Variable Values

# No pattern-specific variable values.

# Directories

# . (device 2050, inode 13764366): 19 files, no impossibilities.

# 19 files, no impossibilities in 1 directories.

# Implicit Rules

# No implicit rules.

# Files

command.o: command.c header.h
#  Implicit rule search has not been done.
#  Modification time never checked.
#  File has not been updated.
#  recipe to execute (from 'Makefile', line 31):
	$(CC) $(CFLAGS) -c command.c

data.o: data.c header.h
#  Implicit rule search has not been done.
#  Modification time never checked.
#  File has not been updated.
#  recipe to execute (from 'Makefile', line 34):
	$(CC) $(CFLAGS) -c data.c

header.h: key.h
#  Implicit rule search has not been done.
#  Modification time never checked.
#  File has not been updated.

# Not a target:
display.c:
#  Implicit rule search has not been done.
#  Modification time never checked.
#  File has not been updated.

# Not a target:
all:
#  Command line target.
#  Implicit rule search has been done.
#  File does not exist.
#  File has not been updated.

ae: command.o data.o display.o gap.o key.o main.o
#  Implicit rule search has not been done.
#  Modification time never checked.
#  File has not been updated.
#  recipe to execute (from 'Makefile', line 26):
	$(LD) $(LDFLAGS) -o ae$(E) $(OBJ) $(LIBS)

# Not a target:
main.c:
#  Implicit rule search has not been done.
#  Modification time never checked.
#  File has not been updated.

# Not a target:
Makefile:
#  Implicit rule search has been done.
#  Last modified 2021-03-05 18:09:28.093764321
#  File has been updated.
#  Successfully updated.

# Not a target:
key.c:
#  Implicit rule search has not been done.
#  Modification time never checked.
#  File has not been updated.

# Not a target:
command.c:
#  Implicit rule search has not been done.
#  Modification time never checked.
#  File has not been updated.

# Not a target:
data.c:
#  Implicit rule search has not been done.
#  Modification time never checked.
#  File has not been updated.

gap.o: gap.c header.h
#  Implicit rule search has not been done.
#  Modification time never checked.
#  File has not been updated.
#  recipe to execute (from 'Makefile', line 40):
	$(CC) $(CFLAGS) -c gap.c

# Not a target:
key.h:
#  Implicit rule search has not been done.
#  Modification time never checked.
#  File has not been updated.

# Not a target:
gap.c:
#  Implicit rule search has not been done.
#  Modification time never checked.
#  File has not been updated.

# Not a target:
.DEFAULT:
#  Implicit rule search has not been done.
#  Modification time never checked.
#  File has not been updated.

clean:
#  Implicit rule search has not been done.
#  Modification time never checked.
#  File has not been updated.
#  recipe to execute (from 'Makefile', line 49):
	-$(RM) $(OBJ) ae$(E)

display.o: display.c header.h
#  Implicit rule search has not been done.
#  Modification time never checked.
#  File has not been updated.
#  recipe to execute (from 'Makefile', line 37):
	$(CC) $(CFLAGS) -c display.c

main.o: main.c header.h
#  Implicit rule search has not been done.
#  Modification time never checked.
#  File has not been updated.
#  recipe to execute (from 'Makefile', line 46):
	$(CC) $(CFLAGS) -c main.c

key.o: key.c header.h
#  Implicit rule search has not been done.
#  Modification time never checked.
#  File has not been updated.
#  recipe to execute (from 'Makefile', line 43):
	$(CC) $(CFLAGS) -c key.c

install:
#  Implicit rule search has not been done.
#  Modification time never checked.
#  File has not been updated.
#  recipe to execute (from 'Makefile', line 52):
	-$(MV) ae$(E) $(HOME)/$(HOSTNAME)/bin

# files hash-table stats:
 
make: *** No rule to make target 'all'.  Stop.
 
# Load=21/1024=2%, Rehash=0, Collisions=3/56=5%
# VPATH Search Paths

# No 'vpath' search paths.

# No general ('VPATH' variable) search path.

# strcache buffers: 1 (0) / strings = 33 / storage = 265 B / avg = 8 B
# current buf: size = 8174 B / used = 265 B / count = 33 / avg = 8 B

# strcache performance: lookups = 67 / hit rate = 50%
# hash-table stats:
# Load=33/8192=0%, Rehash=0, Collisions=1/67=1%
# Finished Make data base on Fri Mar  5 18:10:01 2021

 
